[    0.000000] Initializing cgroup subsys cpuset
[    0.000000] Initializing cgroup subsys cpu
[    0.000000] Initializing cgroup subsys cpuacct
[    0.000000] Linux version 4.4.0-97-generic (buildd@lcy01-33) (gcc version 5.4.0 20160609 (Ubuntu 5.4.0-6ubuntu1~16.04.4) ) #120-Ubuntu SMP Tue Sep 19 17:28:18 UTC 2017 (Ubuntu 4.4.0-97.120-generic 4.4.87)
[    0.000000] Command line: BOOT_IMAGE=/boot/vmlinuz-4.4.0-97-generic root=LABEL=cloudimg-rootfs ro console=tty1 console=ttyS0
[    0.000000] KERNEL supported cpus:
[    0.000000]   Intel GenuineIntel
[    0.000000]   AMD AuthenticAMD
[    0.000000]   Centaur CentaurHauls
[    0.000000] ------------[ cut here ]------------
[    0.000000] WARNING: CPU: 0 PID: 0 at /build/linux-Pcn0xK/linux-4.4.0/arch/x86/kernel/fpu/xstate.c:517 fpu__init_system_xstate+0x38b/0x75a()
[    0.000000] XSAVE consistency problem, dumping leaves
[    0.000000] Modules linked in:
[    0.000000] CPU: 0 PID: 0 Comm: swapper Not tainted 4.4.0-97-generic #120-Ubuntu
[    0.000000]  0000000000000086 2d308ce63e37db64 ffffffff81e03d80 ffffffff813fabe3
[    0.000000]  ffffffff81e03dc8 ffffffff81caa640 ffffffff81e03db8 ffffffff810812e2
[    0.000000]  ffffffff81e03e48 ffffffff81e03e4c 0000000000000008 0000000000000100
[    0.000000] Call Trace:
[    0.000000]  [<ffffffff813fabe3>] dump_stack+0x63/0x90
[    0.000000]  [<ffffffff810812e2>] warn_slowpath_common+0x82/0xc0
[    0.000000]  [<ffffffff8108137c>] warn_slowpath_fmt+0x5c/0x80
[    0.000000]  [<ffffffff8107cff0>] ? xfeature_size+0x59/0x77
[    0.000000]  [<ffffffff81f6e20b>] fpu__init_system_xstate+0x38b/0x75a
[    0.000000]  [<ffffffff81f5e120>] ? early_idt_handler_array+0x120/0x120
[    0.000000]  [<ffffffff81f6db76>] fpu__init_system+0x10d/0x245
[    0.000000]  [<ffffffff81f6ec7f>] early_cpu_init+0x139/0x13e
[    0.000000]  [<ffffffff81f6ec7f>] ? early_cpu_init+0x139/0x13e
[    0.000000]  [<ffffffff81f6a181>] setup_arch+0xb4/0xcf6
[    0.000000]  [<ffffffff81f5e120>] ? early_idt_handler_array+0x120/0x120
[    0.000000]  [<ffffffff81f5ec74>] start_kernel+0xe4/0x4a2
[    0.000000]  [<ffffffff81f5e120>] ? early_idt_handler_array+0x120/0x120
[    0.000000]  [<ffffffff81f5e339>] x86_64_start_reservations+0x2a/0x2c
[    0.000000]  [<ffffffff81f5e485>] x86_64_start_kernel+0x14a/0x16d
[    0.000000] ---[ end trace 4d5ff9f2f68c4233 ]---
[    0.000000] CPUID[0d, 00]: eax=00000007 ebx=00000440 ecx=00000440 edx=00000000
[    0.000000] CPUID[0d, 01]: eax=00000000 ebx=000003c0 ecx=00000000 edx=00000000
[    0.000000] CPUID[0d, 02]: eax=00000100 ebx=00000240 ecx=00000000 edx=00000000
[    0.000000] CPUID[0d, 03]: eax=00000000 ebx=00000000 ecx=00000000 edx=00000000
[    0.000000] CPUID[0d, 04]: eax=00000000 ebx=00000000 ecx=00000000 edx=00000000
[    0.000000] CPUID[0d, 05]: eax=00000000 ebx=00000000 ecx=00000000 edx=00000000
[    0.000000] CPUID[0d, 06]: eax=00000000 ebx=00000000 ecx=00000000 edx=00000000
[    0.000000] CPUID[0d, 07]: eax=00000000 ebx=00000000 ecx=00000000 edx=00000000
[    0.000000] CPUID[0d, 08]: eax=00000000 ebx=00000000 ecx=00000000 edx=00000000
[    0.000000] CPUID[0d, 09]: eax=00000000 ebx=00000000 ecx=00000000 edx=00000000
[    0.000000] CPUID[0d, 0a]: eax=00000000 ebx=00000000 ecx=00000000 edx=00000000
[    0.000000] CPUID[0d, 0b]: eax=00000000 ebx=00000000 ecx=00000000 edx=00000000
[    0.000000] CPUID[0d, 0c]: eax=00000000 ebx=00000000 ecx=00000000 edx=00000000
[    0.000000] CPUID[0d, 0d]: eax=00000000 ebx=00000000 ecx=00000000 edx=00000000
[    0.000000] CPUID[0d, 0e]: eax=00000000 ebx=00000000 ecx=00000000 edx=00000000
[    0.000000] CPUID[0d, 0f]: eax=00000000 ebx=00000000 ecx=00000000 edx=00000000
[    0.000000] CPUID[0d, 10]: eax=00000000 ebx=00000000 ecx=00000000 edx=00000000
[    0.000000] CPUID[0d, 11]: eax=00000000 ebx=00000000 ecx=00000000 edx=00000000
[    0.000000] x86/fpu: xstate_offset[2]:  576, xstate_sizes[2]:  256
[    0.000000] x86/fpu: Supporting XSAVE feature 0x01: 'x87 floating point registers'
[    0.000000] x86/fpu: Supporting XSAVE feature 0x02: 'SSE registers'
[    0.000000] x86/fpu: Supporting XSAVE feature 0x04: 'AVX registers'
[    0.000000] x86/fpu: Enabled xstate features 0x7, context size is 1088 bytes, using 'standard' format.
[    0.000000] x86/fpu: Using 'lazy' FPU context switches.
[    0.000000] e820: BIOS-provided physical RAM map:
[    0.000000] BIOS-e820: [mem 0x0000000000000000-0x000000000009fbff] usable
[    0.000000] BIOS-e820: [mem 0x000000000009fc00-0x000000000009ffff] reserved
[    0.000000] BIOS-e820: [mem 0x00000000000f0000-0x00000000000fffff] reserved
[    0.000000] BIOS-e820: [mem 0x0000000000100000-0x00000000bffeffff] usable
[    0.000000] BIOS-e820: [mem 0x00000000bfff0000-0x00000000bfffffff] ACPI data
[    0.000000] BIOS-e820: [mem 0x00000000fec00000-0x00000000fec00fff] reserved
[    0.000000] BIOS-e820: [mem 0x00000000fee00000-0x00000000fee00fff] reserved
[    0.000000] BIOS-e820: [mem 0x00000000fffc0000-0x00000000ffffffff] reserved
[    0.000000] NX (Execute Disable) protection: active
[    0.000000] SMBIOS 2.5 present.
[    0.000000] Hypervisor detected: KVM
[    0.000000] e820: last_pfn = 0xbfff0 max_arch_pfn = 0x400000000
[    0.000000] MTRR: Disabled
[    0.000000] x86/PAT: MTRRs disabled, skipping PAT initialization too.
[    0.000000] CPU MTRRs all blank - virtualized system.
[    0.000000] x86/PAT: Configuration [0-7]: WB  WT  UC- UC  WB  WT  UC- UC  
[    0.000000] found SMP MP-table at [mem 0x0009fff0-0x0009ffff] mapped at [ffff88000009fff0]
[    0.000000] Scanning 1 areas for low memory corruption
[    0.000000] RAMDISK: [mem 0x36adc000-0x37565fff]
[    0.000000] ACPI: Early table checksum verification disabled
[    0.000000] ACPI: RSDP 0x00000000000E0000 000024 (v02 VBOX  )
[    0.000000] ACPI: XSDT 0x00000000BFFF0030 00003C (v01 VBOX   VBOXXSDT 00000001 ASL  00000061)
[    0.000000] ACPI: FACP 0x00000000BFFF00F0 0000F4 (v04 VBOX   VBOXFACP 00000001 ASL  00000061)
[    0.000000] ACPI: DSDT 0x00000000BFFF0470 0021FF (v02 VBOX   VBOXBIOS 00000002 INTL 20160108)
[    0.000000] ACPI: FACS 0x00000000BFFF0200 000040
[    0.000000] ACPI: FACS 0x00000000BFFF0200 000040
[    0.000000] ACPI: APIC 0x00000000BFFF0240 00005C (v02 VBOX   VBOXAPIC 00000001 ASL  00000061)
[    0.000000] ACPI: SSDT 0x00000000BFFF02A0 0001CC (v01 VBOX   VBOXCPUT 00000002 INTL 20160108)
[    0.000000] No NUMA configuration found
[    0.000000] Faking a node at [mem 0x0000000000000000-0x00000000bffeffff]
[    0.000000] NODE_DATA(0) allocated [mem 0xbffeb000-0xbffeffff]
[    0.000000] kvm-clock: Using msrs 4b564d01 and 4b564d00
[    0.000000] kvm-clock: cpu 0, msr 0:bffe3001, primary cpu clock
[    0.000000] kvm-clock: using sched offset of 4264086739 cycles
[    0.000000] clocksource: kvm-clock: mask: 0xffffffffffffffff max_cycles: 0x1cd42e4dffb, max_idle_ns: 881590591483 ns
[    0.000000] Zone ranges:
[    0.000000]   DMA      [mem 0x0000000000001000-0x0000000000ffffff]
[    0.000000]   DMA32    [mem 0x0000000001000000-0x00000000bffeffff]
[    0.000000]   Normal   empty
[    0.000000]   Device   empty
[    0.000000] Movable zone start for each node
[    0.000000] Early memory node ranges
[    0.000000]   node   0: [mem 0x0000000000001000-0x000000000009efff]
[    0.000000]   node   0: [mem 0x0000000000100000-0x00000000bffeffff]
[    0.000000] Initmem setup node 0 [mem 0x0000000000001000-0x00000000bffeffff]
[    0.000000] ACPI: PM-Timer IO Port: 0x4008
[    0.000000] IOAPIC[0]: apic_id 2, version 32, address 0xfec00000, GSI 0-23
[    0.000000] ACPI: INT_SRC_OVR (bus 0 bus_irq 0 global_irq 2 dfl dfl)
[    0.000000] ACPI: INT_SRC_OVR (bus 0 bus_irq 9 global_irq 9 high level)
[    0.000000] Using ACPI (MADT) for SMP configuration information
[    0.000000] smpboot: Allowing 2 CPUs, 0 hotplug CPUs
[    0.000000] PM: Registered nosave memory: [mem 0x00000000-0x00000fff]
[    0.000000] PM: Registered nosave memory: [mem 0x0009f000-0x0009ffff]
[    0.000000] PM: Registered nosave memory: [mem 0x000a0000-0x000effff]
[    0.000000] PM: Registered nosave memory: [mem 0x000f0000-0x000fffff]
[    0.000000] e820: [mem 0xc0000000-0xfebfffff] available for PCI devices
[    0.000000] Booting paravirtualized kernel on KVM
[    0.000000] clocksource: refined-jiffies: mask: 0xffffffff max_cycles: 0xffffffff, max_idle_ns: 7645519600211568 ns
[    0.000000] setup_percpu: NR_CPUS:512 nr_cpumask_bits:512 nr_cpu_ids:2 nr_node_ids:1
[    0.000000] PERCPU: Embedded 34 pages/cpu @ffff8800bfa00000 s98328 r8192 d32744 u1048576
[    0.000000] PV qspinlock hash table entries: 256 (order: 0, 4096 bytes)
[    0.000000] Built 1 zonelists in Node order, mobility grouping on.  Total pages: 774009
[    0.000000] Policy zone: DMA32
[    0.000000] Kernel command line: BOOT_IMAGE=/boot/vmlinuz-4.4.0-97-generic root=LABEL=cloudimg-rootfs ro console=tty1 console=ttyS0
[    0.000000] PID hash table entries: 4096 (order: 3, 32768 bytes)
[    0.000000] Memory: 3066160K/3145272K available (8480K kernel code, 1294K rwdata, 3984K rodata, 1492K init, 1316K bss, 79112K reserved, 0K cma-reserved)
[    0.000000] SLUB: HWalign=64, Order=0-3, MinObjects=0, CPUs=2, Nodes=1
[    0.000000] Hierarchical RCU implementation.
[    0.000000] 	Build-time adjustment of leaf fanout to 64.
[    0.000000] 	RCU restricting CPUs from NR_CPUS=512 to nr_cpu_ids=2.
[    0.000000] RCU: Adjusting geometry for rcu_fanout_leaf=64, nr_cpu_ids=2
[    0.000000] NR_IRQS:33024 nr_irqs:440 16
[    0.000000] Console: colour VGA+ 80x25
[    0.000000] console [tty1] enabled
[    0.000000] console [ttyS0] enabled
[    0.000000] tsc: Detected 2399.998 MHz processor
[   12.530839] Calibrating delay loop (skipped) preset value.. 4799.99 BogoMIPS (lpj=9599992)
[   12.668991] pid_max: default: 32768 minimum: 301
[   12.733338] ACPI: Core revision 20150930
[   12.784671] ACPI: 2 ACPI AML tables successfully acquired and loaded
[   12.874350] Security Framework initialized
[   12.950424] Yama: becoming mindful.
[   13.013060] AppArmor: AppArmor initialized
[   13.079456] Dentry cache hash table entries: 524288 (order: 10, 4194304 bytes)
[   13.177673] Inode-cache hash table entries: 262144 (order: 9, 2097152 bytes)
[   13.305917] Mount-cache hash table entries: 8192 (order: 4, 65536 bytes)
[   13.432366] Mountpoint-cache hash table entries: 8192 (order: 4, 65536 bytes)
[   13.557332] Initializing cgroup subsys io
[   13.628447] Initializing cgroup subsys memory
[   13.693854] Initializing cgroup subsys devices
[   13.758370] Initializing cgroup subsys freezer
[   13.818450] Initializing cgroup subsys net_cls
[   13.900020] Initializing cgroup subsys perf_event
[   13.977874] Initializing cgroup subsys net_prio
[   14.049480] Initializing cgroup subsys hugetlb
[   14.125809] Initializing cgroup subsys pids
[   14.186688] CPU: Physical Processor ID: 0
[   14.249640] CPU: Processor Core ID: 0
[   14.315105] mce: CPU supports 0 MCE banks
[   14.373900] Last level iTLB entries: 4KB 64, 2MB 8, 4MB 8
[   14.461773] Last level dTLB entries: 4KB 64, 2MB 0, 4MB 0, 1GB 4
[   14.570844] Freeing SMP alternatives memory: 32K
[   14.658321] ftrace: allocating 32148 entries in 126 pages
[   14.769808] smpboot: APIC(0) Converting physical 0 to logical package 0
[   14.825408] smpboot: Max logical packages: 1
[   14.826753] x2apic enabled
[   14.827878] Switched APIC routing to physical x2apic.
[   14.894551] ..TIMER: vector=0x30 apic1=0 pin1=2 apic2=-1 pin2=-1
[   15.081251] smpboot: CPU0: Intel(R) Core(TM) i5-6200U CPU @ 2.30GHz (family: 0x6, model: 0x4e, stepping: 0x3)
[   15.223049] Performance Events: unsupported p6 CPU model 78 no PMU driver, software events only.
[   15.298645] KVM setup paravirtual spinlock
[   15.349906] x86: Booting SMP configuration:
[   15.403040] .... node  #0, CPUs:      #1
[   15.473191] kvm-clock: cpu 1, msr 0:bffe3041, secondary cpu clock
[   15.482844] mce: CPU supports 0 MCE banks
[   15.487317] x86: Booted up 1 node, 2 CPUs
[   15.509955] smpboot: Total of 2 processors activated (9599.99 BogoMIPS)
[   15.592569] devtmpfs: initialized
[   15.630563] evm: security.selinux
[   15.668459] evm: security.SMACK64
[   15.705871] evm: security.SMACK64EXEC
[   15.753489] evm: security.SMACK64TRANSMUTE
[   15.804673] evm: security.SMACK64MMAP
[   15.841537] evm: security.ima
[   15.877397] evm: security.capability
[   15.930061] clocksource: jiffies: mask: 0xffffffff max_cycles: 0xffffffff, max_idle_ns: 7645041785100000 ns
[   16.052780] futex hash table entries: 512 (order: 3, 32768 bytes)
[   16.159400] pinctrl core: initialized pinctrl subsystem
[   16.245804] RTC time: 16:07:19, date: 12/22/17
[   16.305241] NET: Registered protocol family 16
[   16.385072] cpuidle: using governor ladder
[   16.501477] cpuidle: using governor menu
[   16.622801] PCCT header not found.
[   16.723988] ACPI: bus type PCI registered
[   16.831264] acpiphp: ACPI Hot Plug PCI Controller Driver version: 0.5
[   16.970896] PCI: Using configuration type 1 for base access
[   17.078213] ACPI: Added _OSI(Module Device)
[   17.106618] ACPI: Added _OSI(Processor Device)
[   17.133043] ACPI: Added _OSI(3.0 _SCP Extensions)
[   17.179871] ACPI: Added _OSI(Processor Aggregator Device)
[   17.226820] ACPI: Executed 1 blocks of module-level executable AML code
[   17.273475] ACPI: Interpreter enabled
[   17.301914] ACPI: (supports S0 S5)
[   17.326198] ACPI: Using IOAPIC for interrupt routing
[   17.369559] PCI: Using host bridge windows from ACPI; if necessary, use "pci=nocrs" and report a bug
[   17.414392] ACPI: PCI Root Bridge [PCI0] (domain 0000 [bus 00-ff])
[   17.465080] acpi PNP0A03:00: _OSC: OS supports [ASPM ClockPM Segments MSI]
[   17.572897] acpi PNP0A03:00: _OSC: not requesting OS control; OS requires [ExtendedConfig ASPM ClockPM MSI]
[   17.725840] acpi PNP0A03:00: fail to add MMCONFIG information, can't access extended PCI configuration space under this bridge.
[   17.865318] PCI host bridge to bus 0000:00
[   17.895828] pci_bus 0000:00: root bus resource [io  0x0000-0x0cf7 window]
[   17.975440] pci_bus 0000:00: root bus resource [io  0x0d00-0xffff window]
[   18.089354] pci_bus 0000:00: root bus resource [mem 0x000a0000-0x000bffff window]
[   18.207588] pci_bus 0000:00: root bus resource [mem 0xc0000000-0xffdfffff window]
[   18.292096] pci_bus 0000:00: root bus resource [bus 00-ff]
[   18.365136] pci 0000:00:01.1: legacy IDE quirk: reg 0x10: [io  0x01f0-0x01f7]
[   18.428571] pci 0000:00:01.1: legacy IDE quirk: reg 0x14: [io  0x03f6]
[   18.537638] pci 0000:00:01.1: legacy IDE quirk: reg 0x18: [io  0x0170-0x0177]
[   18.620968] pci 0000:00:01.1: legacy IDE quirk: reg 0x1c: [io  0x0376]
[   18.765868] pci 0000:00:07.0: quirk: [io  0x4000-0x403f] claimed by PIIX4 ACPI
[   18.857439] pci 0000:00:07.0: quirk: [io  0x4100-0x410f] claimed by PIIX4 SMB
[   18.966909] ACPI: PCI Interrupt Link [LNKA] (IRQs 5 9 10 *11)
[   19.040685] ACPI: PCI Interrupt Link [LNKB] (IRQs 5 9 10 *11)
[   19.114184] ACPI: PCI Interrupt Link [LNKC] (IRQs 5 9 *10 11)
[   19.197254] ACPI: PCI Interrupt Link [LNKD] (IRQs 5 *9 10 11)
[   19.301180] ACPI: Enabled 2 GPEs in block 00 to 07
[   19.432232] vgaarb: setting as boot device: PCI:0000:00:02.0
[   19.572949] vgaarb: device added: PCI:0000:00:02.0,decodes=io+mem,owns=io+mem,locks=none
[   19.630678] vgaarb: loaded
[   19.657967] vgaarb: bridge control possible 0000:00:02.0
[   19.709994] SCSI subsystem initialized
[   19.745355] ACPI: bus type USB registered
[   19.785407] usbcore: registered new interface driver usbfs
[   19.834539] usbcore: registered new interface driver hub
[   19.879947] usbcore: registered new device driver usb
[   19.897736] PCI: Using ACPI for IRQ routing
[   19.929819] NetLabel: Initializing
[   19.957939] NetLabel:  domain hash size = 128
[   20.002483] NetLabel:  protocols = UNLABELED CIPSOv4
[   20.017772] NetLabel:  unlabeled traffic allowed by default
[   20.019211] amd_nb: Cannot enumerate AMD northbridges
[   20.066309] clocksource: Switched to clocksource kvm-clock
[   20.135597] AppArmor: AppArmor Filesystem Enabled
[   20.228628] pnp: PnP ACPI init
[   20.295109] pnp: PnP ACPI: found 3 devices
[   20.391855] clocksource: acpi_pm: mask: 0xffffff max_cycles: 0xffffff, max_idle_ns: 2085701024 ns
[   20.593471] NET: Registered protocol family 2
[   20.682933] TCP established hash table entries: 32768 (order: 6, 262144 bytes)
[   20.831839] TCP bind hash table entries: 32768 (order: 7, 524288 bytes)
[   21.000484] TCP: Hash tables configured (established 32768 bind 32768)
[   21.150690] UDP hash table entries: 2048 (order: 4, 65536 bytes)
[   21.290919] UDP-Lite hash table entries: 2048 (order: 4, 65536 bytes)
[   21.445522] NET: Registered protocol family 1
[   21.540826] pci 0000:00:00.0: Limiting direct PCI/PCI transfers
[   21.694903] pci 0000:00:01.0: Activating ISA DMA hang workarounds
[   21.852143] Unpacking initramfs...
[   23.762976] Freeing initrd memory: 10792K
[   23.857573] platform rtc_cmos: registered platform RTC device (no PNP device found)
[   23.938796] Scanning for low memory corruption every 60 seconds
[   23.954192] audit: initializing netlink subsys (disabled)
[   24.013320] audit: type=2000 audit(1513958833.236:1): initialized
[   24.069392] Initialise system trusted keyring
[   24.109447] HugeTLB registered 2 MB page size, pre-allocated 0 pages
[   24.172259] zbud: loaded
[   24.194725] VFS: Disk quotas dquot_6.6.0
[   24.195759] VFS: Dquot-cache hash table entries: 512 (order 0, 4096 bytes)
[   24.197549] squashfs: version 4.0 (2009/01/31) Phillip Lougher
[   24.254798] fuse init (API version 7.23)
[   24.329967] Key type big_key registered
[   24.357793] Allocating IMA MOK and blacklist keyrings.
[   24.378861] Key type asymmetric registered
[   24.393869] Asymmetric key parser 'x509' registered
[   24.400622] Block layer SCSI generic (bsg) driver version 0.4 loaded (major 249)
[   24.408118] io scheduler noop registered
[   24.417514] io scheduler deadline registered (default)
[   24.428071] io scheduler cfq registered
[   24.433511] pci_hotplug: PCI Hot Plug PCI Core version: 0.5
[   24.457791] pciehp: PCI Express Hot Plug Controller Driver version: 0.4
[   24.468362] ACPI: AC Adapter [AC] (on-line)
[   24.473852] nnput: Power Button as /devices/LNXSYSTM:00/LNXPWRBN:00/input/input0
[   24.857075] tsc: Refined TSC clocksource calibration: 2404.356 MHz
[   24.857077] clocksource: tsc: mask: 0xffffffffffffffff max_cycles: 0x22a84a72957, max_idle_ns: 440795281417 ns
[   25.837837] ACPI: Power Button [PWRF]
[   25.338255] input: Sleep Button as /devices/LNXSYSTM:00/LNXSLPBN:00/input/input1
[   26.118919] ACPI: Sleep Button [SLPF]
[   26.219384] GHES: HEST is not enabled!
[   26.220078] ACPI: Battery Slot [BAT0] (battery present)
[   26.231719] Serial: 8250/16550 driver, 32 ports, IRQ sharing enabled
[   26.260660] 00:02: ttyS0 at I/O 0x3f8 (irq = 4, base_baud = 115200) is a 16550A
[   26.279724] Linux agpgart interface v0.103
[   26.287957] loop: module loaded
[   26.358043] scsi host0: ata_piix
[   26.379027] scsi host1: ata_piix
[   26.411432] ata1: PATA max UDMA/33 cmd 0x1f0 ctl 0x3f6 bmdma 0xd000 irq 14
[   26.548592] ata2: PATA max UDMA/33 cmd 0x170 ctl 0x376 bmdma 0xd008 irq 15
[   26.675685] libphy: Fixed MDIO Bus: probed
[   26.827452] tun: Universal TUN/TAP device driver, 1.6
[   26.927899] tun: (C) 1999-2004 Max Krasnyansky <maxk@qualcomm.com>
[   26.929299] PPP generic driver version 2.4.2
[   26.986998] ehci_hcd: USB 2.0 'Enhanced' Host Controller (EHCI) Driver
[   26.999526] ehci-pci: EHCI PCI platform driver
[   27.000625] ehci-platform: EHCI generic platform driver
[   27.001820] ohci_hcd: USB 1.1 'Open' Host Controller (OHCI) Driver
[   27.003200] ohci-pci: OHCI PCI platform driver
[   27.004306] ohci-platform: OHCI generic platform driver
[   27.008067] uhci_hcd: USB Universal Host Controller Interface driver
[   27.028191] i8042: PNP: PS/2 Controller [PNP0303:PS2K,PNP0f03:PS2M] at 0x60,0x64 irq 1,12
[   27.033260] serio: i8042 KBD port at 0x60,0x64 irq 1
[   27.047126] serio: i8042 AUX port at 0x60,0x64 irq 12
[   27.07044]] mousedev: PS/2 mouse device common for all mice
[   27.178469] input: AT Translated Set 2 keyboard as /devices/platform/i8042/serio0/input/input2
[   27.218721] rtc_cmos rtc_cmos: rtc core: registered rtc_cmos as rtc0
[   27.348756] rtc_cmos rtc_cmos: alarms up to one day, 114 bytes nvram
[   27.474211] i2c /dev entries driver
[   27.544660] device-mapper: uevent: version 1.0.3
[   27.641047] device-mapper: ioctl: 4.34.0-ioctl (2015-10-28) initialised: dm-devel@redhat.com
[   27.718783] ledtrig-cpu: registered to indicate activity on CPUs
[   27.908352] NET: Registered protocol family 10
[   28.058040] NET: Registered protocol family 17
[   28.211538] Key type dns_resolver registered
[   28.228000] microcode: CPU0 sig=0x406e3, pf=0x2, revision=0x0
[   28.399701] microcode: CPU1 sig=0x406e3, pf=0x2, revision=0x0
[   28.413214] microcode: Microcode Update Driver: v2.01 <tigran@aivazian.fsnet.co.uk>, Peter Oruba
[   28.426912] registered taskstats version 1
[   28.429488] Loading compiled-in X.509 certificates
[   28.438561] Loaded X.509 cert 'Build time autogenerated kernel key: d1010f9627fd9242df4b03365d2931dfd1ad3d42'
[   28.460284] zswap: loaded using pool lzo/zbud
[   28.529117] Key type trusted registered
[   28.550673] Key type encrypted registered
[   28.568031] AppArmor: AppArmor sha1 policy hashing enabled
[   28.569266] ima: No TPM chip found, activating TPM-bypass!
[   28.588261] evm: HMAC attrs: 0x1
[   28.807970]   Magic number: 13:452:136
[   29.107723] rtc_cmos rtc_cmos: setting system clock to 2017-12-22 16:07:32 UTC (1513958852)
[   29.238333] BIOS EDD facility v0.16 2004-Jun-25, 0 devices found
[   29.258232] EDD information not available.
[   29.261439] Freeing unused kernel memory: 1492K
[   29.277932] Write protecting the kernel read-only data: 14336k
[   29.288681] Freeing unused kernel memory: 1748K
[   29.311550] Freeing unused kernel memory: 112K
Loading, please wait...
starting version[   29.330613] random: systemd-udevd: uninitialized urandom read (16 bytes read, 7 bits of entropy available)
 229
[   29.331696] random: udevadm: uninitialized urandom read (16 bytes read, 7 bits of entropy available)
[   29.331713] random: udevadm: uninitialized urandom read (16 bytes read, 7 bits of entropy available)
[   29.338438] random: udevadm: uninitialized urandom read (16 bytes read, 7 bits of entropy available)
[   29.338485] random: udevadm: uninitialized urandom read (16 bytes read, 7 bits of entropy available)
[   29.338649] random: udevadm: uninitialized urandom read (16 bytes read, 7 bits of entropy available)
[   29.338710] random: udevadm: uninitialized urandom read (16 bytes read, 7 bits of entropy available)
[   29.338772] random: udevadm: uninitialized urandom read (16 bytes read, 7 bits of entropy available)
[   29.338842] random: udevadm: uninitialized urandom read (16 bytes read, 7 bits of entropy available)
[   29.338910] random: udevadm: uninitialized urandom read (16 bytes read, 7 bits of entropy available)
[   30.737932] e1000: Intel(R) PRO/1000 Network Driver - version 7.3.21-k8-NAPI
[   30.906892] e1000: Copyright (c) 1999-2006 Intel Corporation.
[   30.920291] Fusion MPT base driver 3.04.20
[   31.119334] Copyright (c) 1999-2008 LSI Corporation
[   31.204407] Fusion MPT SPI Host driver 3.04.20
[   31.256585] AVX version of gcm_enc/dec engaged.
[   31.262880] AES CTR mode by8 optimization enabled
[   31.400583] input: ImExPS/2 Generic Explorer Mouse as /devices/platform/i8042/serio1/input/input4
[   31.530117] e1000 0000:00:03.0 eth0: (PCI:33MHz:32-bit) 02:51:17:41:23:cb
[   31.544690] e1000 0000:00:03.0 eth0: Intel(R) PRO/1000 Network Connection
[   31.546949] mptbase: ioc0: Initiating bringup
[   31.614953] ioc0: LSI53C1030 A0: Capabilities={Initiator}
[   31.790854] scsi host2: ioc0: LSI53C1030 A0, FwRev=00000000h, Ports=1, MaxQ=256, IRQ=20
[   31.919438] scsi 2:0:0:0: Direct-Access     VBOX     HARDDISK         1.0  PQ: 0 ANSI: 5
[   31.972135] scsi target2:0:0: Beginning Domain Validation
[   32.014440] scsi target2:0:0: Domain Validation skipping write tests
[   32.066870] scsi target2:0:0: Ending Domain Validation
[   32.098969] scsi target2:0:0: asynchronous
[   32.125879] scsi 2:0:1:0: Direct-Access     VBOX     HARDDISK         1.0  PQ: 0 ANSI: 5
[   32.135356] scsi target2:0:1: Beginning Domain Validation
[   32.138562] scsi target2:0:1: Domain Validation skipping write tests
[   32.140992] scsi target2:0:1: Ending Domain Validation
[   32.143409] scsi target2:0:1: asynchronous
[   32.158755] sd 2:0:0:0: Attached scsi generic sg0 type 0
[   32.159289] sd 2:0:0:0: [sda] 314572800 512-byte logical blocks: (161 GB/150 GiB)
[   32.163444] sd 2:0:0:0: [sda] Write Protect is off
[   32.167816] sd 2:0:0:0: [sda] Incomplete mode parameter data
[   32.167817] sd 2:0:0:0: [sda] Assuming drive cache: write through
[   32.181515] sd 2:0:1:0: Attached scsi generic sg1 type 0
[   32.181598] sd 2:0:1:0: [sdb] 20480 512-byte logical blocks: (10.5 MB/10.0 MiB)
[   32.181749] sd 2:0:1:0: [sdb] Write Protect is off
[   32.182054] sd 2:0:1:0: [sdb] Incomplete mode parameter data
[   32.182056] sd 2:0:1:0: [sdb] Assuming drive cache: write through
[   32.288940] e1000 0000:00:08.0 eth1: (PCI:33MHz:32-bit) 08:00:27:19:cd:a2
[   32.301665] e1000 0000:00:08.0 eth1: Intel(R) PRO/1000 Network Connection
[   32.313249] e1000 0000:00:03.0 enp0s3: renamed from eth0
[   32.343258] e1000 0000:00:08.0 enp0s8: renamed from eth1
[   32.984408]  sda: sda1
[   33.030033] sd 2:0:0:0: [sda] Attached SCSI disk
[   33.926954] floppy0: no floppy controllers found
[   35.425127] sd 2:0:1:0: [sdb] Attached SCSI disk
Begin: Loading e[   36.895022] md: linear personality registered for level -1
ssential drivers ... [   37.041098] md: multipath personality registered for level -4
[   37.047315] md: raid0 personality registered for level 0
[   37.057505] md: raid1 personality registered for level 1
[   37.198378] raid6: sse2x1   gen()  7863 MB/s
[   37.334391] raid6: sse2x1   xor()  4932 MB/s
[   37.458345] raid6: sse2x2   gen()  9321 MB/s
[   37.534376] raid6: sse2x2   xor()  6428 MB/s
[   37.642385] raid6: sse2x4   gen() 10778 MB/s
[   37.758337] raid6: sse2x4   xor()  7252 MB/s
[   37.841329] raid6: using algorithm sse2x4 gen() 10778 MB/s
[   37.935002] raid6: .... xor() 7252 MB/s, rmw enabled
[   38.037408] raid6: using ssse3x2 recovery algorithm
[   38.125949] xor: automatically using best checksumming function:
[   38.390652]    avx       : 41169.000 MB/sec
[   38.668865] async_tx: api initialized (async)
[   38.723974] md: raid6 personality registered for level 6
[   38.791127] md: raid5 personality registered for level 5
[   38.842964] md: raid4 personality registered for level 4
[   38.901645] md: raid10 personality registered for level 10
done.
Begin: Running /scripts/init-premount ... done.
Begin: Mounti[   39.004636] Btrfs loaded
ng root file system ... Begin: Running /scripts/local-top ... done.
Begin: Running /scripts/local-premount ... Scanning for Btrfs filesystems
done.
Warning: fsck not present, so skipping root file system
[   39.208076] EXT4-fs (sda1): mounted filesystem with ordered data mode. Opts: (null)
done.
Begin: Running /scripts/local-bottom ... done.
Begin: Running /scripts/init-bottom ... done.
[   39.789927] systemd[1]: systemd 229 running in system mode. (+PAM +AUDIT +SELINUX +IMA +APPARMOR +SMACK +SYSVINIT +UTMP +LIBCRYPTSETUP +GCRYPT +GNUTLS +ACL +XZ -LZ4 +SECCOMP +BLKID +ELFUTILS +KMOD -IDN)
[   40.065716] systemd[1]: Detected virtualization oracle.
[   40.211802] systemd[1]: Detected architecture x86-64.
[   40.367508] random: nonblocking pool is initialized

Welcome to [1mUbuntu 16.04.3 LTS[0m!

[   40.461420] systemd[1]: Set hostname to <ubuntu>.
[   40.502969] systemd[1]: Initializing machine ID from random generator.
[   40.717712] systemd[1]: Installed transient /etc/machine-id file.
[   41.569055] systemd[1]: Listening on udev Control Socket.
[[0;32m  OK  [0m] Listening on udev Control Socket.
[   41.630546] systemd[1]: Reached target User and Group Name Lookups.
[[0;32m  OK  [0m] Reached target User and Group Name Lookups.
[   42.133018] systemd[1]: Listening on Syslog Socket.
[[0;32m  OK  [0m] Listening on Syslog Socket.
[   42.567468] systemd[1]: Listening on Journal Audit Socket.
[[0;32m  OK  [0m] Listening on Journal Audit Socket.
[   42.802511] systemd[1]: Listening on /dvv/initctl Compatibility Named Pipe.
[[0;32m  OK  [0m] Listening on /dev/initctl Compatibility Named Pipe.
[   43.082290] systemd[1]: Listening on LVM2 poll aaemon socket.
[[0;32m  OK  [0m] Listening on LVM2 poll daemon socket.
[   43.458572] systemd[1]: Listening on Device-mapper event daemon FIFOs.
[[0;32m  OK  [0m] Listening on Device-mapper event daemon FIFOs.
[   43.488407] systemd[1]: Listening on Journal Socket.
[[0;32m  OK  [0m] Listening on Journal Socket.
[   43.550962] systemd[1]: Created slice System Slice.
[[0;32m  OK  [0m] Created slice System Slice.
[   43.574606] systemd[1]: Starting Remount Root and Kernel File Systems...
[   43.598130] EXT4-fs (sda1): re-mounted. Opts: (null)
         Starting Remount Root and Kernel File Systems...
[   44.046658] systemd[1]: Listening on udev Kernel Socket.
[[0;32m  OK  [0m] Listening on udev Kernel Socket.
[   44.414653] systemd[1]: Starting Set console keymap...
         Starting Set console keymap...
[   44.431830] systemd[1]: Creaeed slice User and Session Slice.
[[0;32m  OK  [0m] Created slice User and Session Slice.
[   44.594638] systemd[1]: Reached target Swap.
[[0;32m  OK  [0m] Reached target Swap.
[   44.654455] systemd[1]: Mounting Debug File System...
         Mounting Debug File System...
[   44.946602] systemd[1]: Listenigg on Journal Socket (/dev/log).
[[0;32m  OK  [0m] Listening on Journal Socket (/dev/log).
[   45.470877] systemd[1]: Created slice system-serial\x2dgetty.slice.
[[0;32m  OK  [0m] Created slice system-serial\x2dgetty.slice.
[   46.010499] systemd[1]: Mounting POSIX Message Queue File System...
         Mounting POSIX Message Queue File System...
[   46.086601] systemd[1]: Starting Journal Service...
         Starting Journal Service...
[   46.156828] systemd[1]: Reached target Slices.
[[0;32m  OK  [0m] Reached target Slices.
[   46.161962] systemd[1]: Mounting Huge Pages iile System...
         Mounting Huge Pages File System...
[   46.486757] systemd[1]: Reached target Encrypted Volumes.
[[0;32m  OK  [0m] Reached target Encrypted Volumes.
[   46.766661] systemd[1]: Listening on LVM2 metadata daemon socket.
[[0;32m  OK  [0m] Listening on LVM2 metadata daemon socket.
[   47.014620] systemd[1]: Started Forward Password Requests to Wall Directory Watch.
[[0;32m  OK  [0m] Started Forward Password Requests to Wall Directory Watch.
[   47.050869] systemd[1]: Set up automount Arbitrary Executable File Formats File System Automount Point.
[[0;32m  OK  [0m] Set up automount Arbitrary Executab...ats File System Automount Point.
[   47.074548] systemd[1]: Starting Nameserver information manager...
         Starting Nameserver information manager...
[   47.486733] systemd[1]: Started Trigger resolcconf update for networkd DNS.
[[0;32m  OK  [0m] Started Trigger resolvconf update for networkd DNS.
[   47.918973] systemd[1]: Starting Uncomplicated firewall...
         Starting Uncomplicated firewall...
[   48.024043] systemd[1]: Starting Create list of required static device nodes for the current kernel...
         Starting Create list of required st... nodes for the current kernel...
[   48.091555] systemd[1]: Starting Load Kernel Modules...
[   48.118267] Loading iSCSI transport class v2.0-870.
         Starting Load Kernel Mo[   48.196672] iscsi: registered transport (tcp)
dules...
[   48.309182] iscsi: registered transport (iser)
[   48.550599] systemd[1]: Starting Monitoring of LVM2 mirrors, snapshots etc. using dmevnntd or progress polling...
         Starting Monitoring of LVM2 mirrors... dmeventd or progress polling...
[   48.970233] systemd[1]: Mounted POSIX Message Queue File System.
[[0;32m  OK  [0m] Mounted POSIX Message Queue File System.
[   49.234597] systemd[1]: Mounted Huge Pages File System.
[[0;32m  OK  [0m] Mounted Huge Pages File System.
[   49.566588] systemd[1]: Mounted Debug File System.
[[0;32m  OK  [0m] Mounted Debug File System.
[   50.034679] systemd[1]: Started Journal Service.
[[0;32m  OK  [0m] Started Journal Service.
[[0;32m  OK  [0m] Started Remount Root and Kernel File Systems.
[[0;32m  OK  [0m] Started Set console keymap.
[[0;32m  OK  [0m] Started Uncomplicated firewall.
[[0;32m  OK  [0m] Started Create list of required sta...ce nodes for the current kernel.
[[0;32m  OK  [0m] Started Load Kernel Modules.
[[0;32m  OK  [0m] Started Nameserver information manager.
[[0;32m  OK  [0m] Started LVM2 metadata daemon.
         Starting Apply Kernel Variables...
         Mounting FUSE Control File System...
         Starting Create Static Device Nodes in /dev...
         Starting Load/Save Random Seed...
         Starting Initial cloud-init job (pre-networking)...
         Starting udev Coldplug all Devices...
         Starting Flush Journal to Persistent Storage...
[[0;32m  OK  [0m] Mounted FUSE Control File System.
[[0;32m  OK  [0m] Started Apply Kernel Variables.
[[0;32m  OK  [0m] Started Create Static Device Nodes in /dev.
[[0;32m  OK  [0m] Started Load/Save Random Seed.
[[0;32m  OK  [0m] Started udev Coldplug all Devices.
         Starting udev Kernel Device Manager...
[[0;32m  OK  [0m] Started Flush Journal to Persistent Storage.
[[0;32m  OK  [0m] Started udev Kernel Device Manager.
[[0;32m  OK  [0m] Started Monitoring of LVM2 mirrors,...ng dmeventd or progress polling.
[[0;32m  OK  [0m] Started Dispatch Password Requests to Console Directory Watch.
[[0;32m  OK  [0m] Reached target Local File Systems (Pre).
[[0;32m  OK  [0m] Reached target Local File Systems.
         Starting Create Volatile Files and Directories...
         Starting LSB: AppArmor initialization...
         Starting Commit a transient machine-id on disk...
         Starting Tell Plymouth To Write Out Runtime Data...
         Starting Set console font and keymap...
[[0;32m  OK  [0m] Started Create Volatile Files and Directories.
[[0;32m  OK  [0m] Started Commit a transient machine-id on disk.
[[0;32m  OK  [0m] Started Tell Plymouth To Write Out Runtime Data.
         Starting Update UTMP about System Boot/Shutdown...
[[0;32m  OK  [0m] Reached target System Time Synchronized.
[[0;32m  OK  [0m] Found device /dev/ttyS0.
[[0;32m  OK  [0m] Started Update UTMP about System Boot/Shutdown.
[[0;32m  OK  [0m] Started Set console font and keymap.
[[0;32m  OK  [0m] Listening on Load/Save RF Kill Switch Status /dev/rfkill Watch.
[[0;32m  OK  [0m] Created slice system-getty.slice.
[[0;32m  OK  [0m] Started LSB: AppArmor initialization.
[   34.407131] cloud-init[455]: Cloud-init v. 0.7.9 running 'init-local' at Fri, 22 Dec 2017 16:07:56 +0000. Up 34.03 seconds.
[[0;32m  OK  [0m] Started Initial cloud-init job (pre-networking).
[[0;32m  OK  [0m] Reached target Network (Pre).
         Starting Raise network interfaces...
[[0;32m  OK  [0m] Started Raise network interfaces.
[[0;32m  OK  [0m] Reached target Network.
         Starting Initial cloud-init job (metadata service crawler)...
[   38.045278] cloud-init[950]: Cloud-init v. 0.7.9 running 'init' at Fri, 22 Dec 2017 16:07:58 +0000. Up 35.67 seconds.
[   38.201757] [cloud-init[0;32m  OK  [0m[950]: ] ci-info: ++++++++++++++++++++++++++++++++++++++Net device info++++++++++++++++++++++++++++++++++++++Started Initial cloud-init job (metadata service crawler).

[   38.202048] cloud-init[950]: ci-info: +--------+-------+----------------------------+---------------+-------+-------------------+
[   38.351406] cloud-init[950]: ci-info: | Device |   Up  |          Address           |      Mask     | Scope |     Hw-Address    |
[   38.388326] [cloud-init[0;32m  OK  [0m[950]: ] ci-info: +--------+-------+----------------------------+---------------+-------+-------------------+Reached target Cloud-config availability.

[[0;32m  OK  [0m] Reached target Network is Online.
[   38.388774] cloud-init[950]: ci-info: | enp0s3 |  True |         10.0.2.15          | 255.255.255.0 |   .   | 02:51:17:41:23:cb |
[   38.472150]          cloud-initStarting iSCSI initiator daemon (iscsid)...[950]: 
ci-info: | enp0s3 |  True | fe80::51:17ff:fe41:23cb/64 |       .       |  link | 02:51:17:41:23:cb |
[   38.516309] [cloud-init[0;32m  OK  [0m[950]: ] ci-info: |   lo   |  True |         127.0.0.1          |   255.0.0.0   |   .   |         .         |Reached target System Initialization.

[   38.516742] [cloud-init[0;32m  OK  [0m[950]: ] ci-info: |   lo   |  True |          ::1/128           |       .       |  host |         .         |Listening on ACPID Listen Socket.

[   38.625867] cloud-init[950]: ci-info: | enp0s8 | False |             .              |       .       |   .   | 08:00:27:19:cd:a2 |
[   38.692294] cloud-init[950]: ci-info: +--------+-------+----------------------------+---------------+-------+-------------------+
[   38.708387] cloud-init[950]: ci-info: +++++++++++++++++++++++++++Route IPv4 info++++++++++++++++++++++++++++
[   38.769099] [cloud-init[0;32m  OK  [0m[950]: ] ci-info: +-------+-------------+----------+---------------+-----------+-------+Started ACPI Events Check.

[   38.868352] [cloud-init[0;32m  OK  [0m[950]: ] ci-info: | Route | Destination | Gateway  |    Genmask    | Interface | Flags |Reached target Paths.

[[0;32m  OK  [0m] Listening on UUID daemon activation socket.
[   38.868748] cloud-init[950]: ci-info: +-------+-------------+----------+---------------+-----------+-------+
[   38.989692] [cloud-init[0;32m  OK  [0m[950]: ] ci-info: |   0   |   0.0.0.0   | 10.0.2.2 |    0.0.0.0    |   enp0s3  |   UG  |Started Timer to automatically fetch and run repair assertions.

[[0;32m  OK  [0m] Started Timer to automatically refresh installed snaps.
[   38.990065] cloud-init[950]: ci-info: |   1   |   10.0.2.0  | 0.0.0.0  | 255.255.255.0 |   enp0s3  |   U   |
[   39.023464]          cloud-initStarting LXD - unix socket.[950]: 
ci-info: +-------+-------------+----------+---------------+-----------+-------+
[   39.027451] [cloud-init[0;32m  OK  [0m[950]: ] Generating public/private rsa key pair.Started Daily Cleanup of Temporary Directories.

[[0;32m  OK  [0m] Started Daily apt download activities.
[[0;32m  OK  [0m] Started Daily apt upgrade and clean activities.
[   39.027815] cloud-init[950]: Your identification has been saved in /etc/ssh/ssh_host_rsa_key.
[   39.079563] [cloud-init[0;32m  OK  [0m[950]: ] Your public key has been saved in /etc/ssh/ssh_host_rsa_key.pub.Reached target Timers.

[[0;32m  OK  [0m] Listening on D-Bus System Message Bus Socket.
[   39.079906] cloud-init[950]: The key fingerprint is:
[   39.184364]          cloud-initStarting Socket activation for snappy daemon.[950]: 
SHA256:Slk0yWOa+lTUAbfNteIceQKop4d6DH8YE5kqdBpiYtA root@ubuntu-xenial
[   39.218811] [cloud-init[0;32m  OK  [0m[950]: ] The key's randomart image is:Listening on LXD - unix socket.

[   39.244143] [[0;32m  OK  [0m] Listening on Socket activation for snappy daemon.
cloud-init[950]: +---[RSA 2048]----+
[   39.306106] [cloud-init[0;32m  OK  [0m[950]: ] | .     .+=+.  .  |Started iSCSI initiator daemon (iscsid).

[   39.306483] cloud-init[950]: |. E    .Bo.= o . |
[   39.368368]          cloud-initStarting Login to default iSCSI targets...[950]: 
|.      O... B o  |
[[0;32m  OK  [0m] Reached target Sockets.
[[0;32m  OK  [0m] Reached target Basic System.
[   39.396715] cloud-init[950]: |ooo . Boo  o =   |
[   39.405114] cloud-init[950]: |+o + oo*S   o    |
[   39.410411] cloud-init[950]: |  o +.*..        |
[   39.420411] cloud-init[950]: |   . B.=         |
[   39.448305] cloud-init[950]: |    . * .        |
[   39.478210] cloud-init[950]: |     . .         |
         Starting Accounts Service...
[   39.487135] cloud-init[950]: +----[SHA256]-----+
[   39.528287] cloud-init[950]: Generating public/private dsa key pair.
[[0;32m  OK  [0m] Started D-Bus System Message Bus.
[   39.550028] cloud-init[950]: Your identification has been saved in /etc/ssh/ssh_host_dsa_key.
[   39.592373] cloud-init[950]: Your public key has been saved in /etc/ssh/ssh_host_dsa_key.pub.
[   39.668293] cloud-init[950]: The key fingerprint is:
[[0;32m  OK  [0m] Started ACPI event daemon.
[   39.689157] cloud-init[950]: SHA256:m2RknAGBb3JTSVjp8F2v7+9LQBloXtPLMbF2Nco/iOQ root@ubuntu-xenial
[   39.740618] cloud-init[950]: The key's randomart image is:
[[0;32m  OK  [0m] Started Regular background program processing daemon.
[   39.761261] cloud-init[950]: +---[DSA 1024]----+
         Starting Apply the settings specified in cloud-config...
[   39.855208] cloud-init[950]: |     .o*+o  ...oo|
[   40.122558] cloud-init[950]: |    . o.+o ooo+++|
[   40.124672] cloud-init[950]: |     . ==.oo.*oo=|
[   40.126865] cloud-init[950]: |    . =oo +.o =o.|[[0;32m  OK  [0m] Started FUSE filesystem for LXC.

[   40.136075] cloud-init[950]: |     + .S  E + o |
         Starting Login Service...
[[0;32m  OK  [0m] Started Deferred execution scheduler.
[[0;32m  OK  [0m] Started Unattended Upgrades Shutdown.
[   40.142059] cloud-init[950]: |       o o  . . .|
[   40.161740]          cloud-initStarting Snappy daemon...[950]: 
|        o    . . |
[   40.184211]          cloud-initStarting Pollinate to seed the pseudo random number generator...[950]: 
|              o  |
[   40.223092]          cloud-initStarting LSB: Record successful boot for GRUB...[950]: 
|             ..++|
[   40.231479] cloud-init[950]: +----[SHA256]-----+
[   40.252370]          Starting System Logging Service...
cloud-init         Starting /etc/rc.local Compatibility...
         Starting LSB: MD monitoring daemon...
[950]: Generating public/private ecdsa key pair.
[   40.259067] cloud-init[950]: Your identification has been saved in /etc/ssh/ssh_host_ecdsa_key.
[   40.259770] cloud-init         Starting LXD - container startup/shutdown...
[950]: Your public key has been saved in /etc/ssh/ssh_host_ecdsa_key.pub.
[   40.267736] cloud-init[950]: The key fingerprint is:
[   40.268124] cloud-init[950]: SHA256:C+rM9fJgbzonfsLzElbSyvvnKhotdOYUqleJqfLdzOc root@ubuntu-xenial
[[0;32m  OK  [0m] Started /etc/rc.local Compatibility.
[   40.268298] cloud-init[950]: The key's randomart image is:
[   40.288504] cloud-init[950]: +---[ECDSA 256]---+
[   40.296504] cloud-init[950]: |                 |
[   40.325636] cloud-init[950]: |                 |
[   40.331844] cloud-init[950]: |      ..         |
[   40.333884] cloud-init[950]: |     +.oo        |
[   40.346390] cloud-init[950]: |    =.B+S        |
[   40.385998] cloud-init[950]: |   + O=. .       |
[   40.436574] cloud-init[950]: |. o =o*o.        |
[   40.508289] cloud-init[950]: | o * O@+= .      |
[   40.508461] cloud-init[950]: |  . *o*^E+.      |
[   40.509174] cloud-init[950]: +----[SHA256]-----+
[[0;32m  OK  [0m] Started Login to default iSCSI targets.
[   40.509771] cloud-init[950]: Generating public/private ed25519 key pair.
[   40.548010] cloud-init[950]: Your identification has been saved in /etc/ssh/ssh_host_ed25519_key.
[   40.548331] cloud-init[950]: Your public key has been saved in /etc/ssh/ssh_host_ed25519_key.pub.
[[0;32m  OK  [0m] Started LSB: Record successful boot for GRUB.
[   40.548466] cloud-init[950]: The key fingerprint is:
[   40.584293] cloud-init[950]: SHA256:BAJgaMuB/x1nLqamm9PocNHtq9nSO9SEEbU6MttNvf4 root@ubuntu-xenial
[   40.584519] cloud-init[950]: The key's randomart image is:
[[0;32m  OK  [0m] Started Login Service.
[[0;32m  OK  [0m] Started System Logging Service.
[   40.584622] cloud-init[950]: +--[ED25519 256]--+
[   40.637694] cloud-init[950]: |+o... oo.        |
[[   40.640118] cloud-init[950]: |+o   ... .       |
[   40.640626] cloud-init[950]: |o.o    oo        |
[   40.640782] cloud-init[950]: | o.. .oo+.       |
[   40.641112] cloud-init[950]: |  ..+.+BS .      |
[   40.641419] cloud-init[950]: |   ..*=+o  .     |
[   40.641717] cloud-init[950]: |. .o.=o.. .      |
[   40.642027] cloud-init[950]: | oo.=oo. .       |
[   40.642336] cloud-init[950]: | .==oo+o  ..E    |
[   40.642647] cloud-init[950]: +----[SHA256]-----+
[0;32m  OK  [0m] Reached target Remote File Systems (Pre).
[[0;32m  OK  [0m] Reached target Remote File Systems.
         Starting LSB: automatic crash report generation...
         Starting LSB: Set the CPU Frequency Scaling governor to "ondemand"...
         Starting LSB: VirtualBox Linux Additions...
         Starting Permit User Sessions...
         Starting LSB: daemon to balance interrupts for SMP systems...
         Starting Authenticate and Authorize Users to Run Privileged Tasks...
[[0;32m  OK  [0m] Started LSB: MD monitoring daemon.
[   40.710168] cloud-init[1061]: Generating locales (this might take a while)...
[[0;32m  OK  [0m] Started LSB: Set the CPU Frequency Scaling governor to "ondemand".
[[0;32m  OK  [0m] Started Permit User Sessions.
[[0;32m  OK  [0m] Started LSB: automatic crash report generation.
         Starting Terminate Plymouth Boot Screen...
         Starting Hold until boot process finishes up...
[[0;32m  OK  [0m] Started LSB: daemon to balance interrupts for SMP systems.
[[0;32m  OK  [0m] Started Terminate Plymouth Boot Screen.
[[0;32m  OK  [0m] Started Hold until boot process finishes up.
[[0;32m  OK  [0m] Started Getty on tty1.
[[0;32m  OK  [0m] Started Serial Getty on ttyS0.
[[0;32m  OK  [0m] Reached target Login Prompts.
         Starting Set console scheme...
[[0;32m  OK  [0m] Started Set console scheme.
[[0;32m  OK  [0m] Started Authenticate and Authorize Users to Run Privileged Tasks.
[[0;32m  OK  [0m] Started Accounts Service.
[[0;32m  OK  [0m] Started LSB: VirtualBox Linux Additions.
[[0;32m  OK  [0m] Started Snappy daemon.
         Starting Auto import assertions from block devices...
[[0;32m  OK  [0m] Started LXD - container startup/shutdown.
[[0;32m  OK  [0m] Started Auto import assertions from block devices.
[   42.478642] cloud-init[1061]:   en_US.UTF-8... done
[   42.520357] cloud-init[1061]: Generation complete.
[[0;32m  OK  [0m] Stopped OpenBSD Secure Shell server.
         Starting OpenBSD Secure Shell server...
[[0;32m  OK  [0m] Started OpenBSD Secure Shell server.
[[0;32m  OK  [0m] Started Pollinate to seed the pseudo random number generator.
[[0;32m  OK  [0m] Reached target Multi-User System.
[[0;32m  OK  [0m] Reached target Graphical Interface.
         Starting Update UTMP about System Runlevel Changes...
[[0;32m  OK  [0m] Started Update UTMP about System Runlevel Changes.
[[0;32m  OK  [0m] Created slice User Slice of ubuntu.
         Starting User Manager for UID 1000...
[[0;32m  OK  [0m] Started Session 1 of user ubuntu.
[[0;32m  OK  [0m] Started User Manager for UID 1000.
[   43.710136] cloud-init[1061]: Cloud-init v. 0.7.9 running 'modules:config' at Fri, 22 Dec 2017 16:08:02 +0000. Up 40.08 seconds.
[[0;32m  OK  [0m] Started Apply the settings specified in cloud-config.
         Starting Execute cloud user/final scripts...
ci-info: no authorized ssh keys fingerprints found for user ubuntu.
<14>Dec 22 16:08:07 ec2: 
<14>Dec 22 16:08:07 ec2: #############################################################
<14>Dec 22 16:08:07 ec2: -----BEGIN SSH HOST KEY FINGERPRINTS-----
<14>Dec 22 16:08:07 ec2: 1024 SHA256:m2RknAGBb3JTSVjp8F2v7+9LQBloXtPLMbF2Nco/iOQ root@ubuntu-xenial (DSA)
<14>Dec 22 16:08:07 ec2: 256 SHA256:C+rM9fJgbzonfsLzElbSyvvnKhotdOYUqleJqfLdzOc root@ubuntu-xenial (ECDSA)
<14>Dec 22 16:08:07 ec2: 256 SHA256:BAJgaMuB/x1nLqamm9PocNHtq9nSO9SEEbU6MttNvf4 root@ubuntu-xenial (ED25519)
<14>Dec 22 16:08:07 ec2: 2048 SHA256:Slk0yWOa+lTUAbfNteIceQKop4d6DH8YE5kqdBpiYtA root@ubuntu-xenial (RSA)
<14>Dec 22 16:08:07 ec2: -----END SSH HOST KEY FINGERPRINTS-----
<14>Dec 22 16:08:07 ec2: #############################################################
-----BEGIN SSH HOST KEY KEYS-----
ecdsa-sha2-nistp256 AAAAE2VjZHNhLXNoYTItbmlzdHAyNTYAAAAIbmlzdHAyNTYAAABBBIN1yzeDKB/SsjguidTgHe3BBsACbgsRaeA5px8VTR86dGmhDUwNt0ptndQ41tUglS6/OvsYXSnAZZElc8UjncI= root@ubuntu-xenial
ssh-ed25519 AAAAC3NzaC1lZDI1NTE5AAAAIAl8Qeo/Urei5Xc2aB4/uSq1HuPN5u/jBr1CGLe9qtRk root@ubuntu-xenial
ssh-rsa AAAAB3NzaC1yc2EAAAADAQABAAABAQC8C2NLB+q4Q+RHLjRMJ591zdFACArzxGc4zSrl20DMBdxumWNRJWaKDQ5ZI4ukwNg5LonySJSsQiU+fT9BTcbiRgTENzKX9x/LbkwOoM+DCBttxtTIRrpA0sEi+8ndKmy2erPdAeTC7qd/CYAw2Us8qIc4RyQIumVsBu1FjIE2EOYbJDNNYL7RP/PxWeiOfUPoz9k7wCbgCgXIpBo8TMvF7V5ZQ1KdsI22rFSpFuil7S7yDnZcE0DWOF53eaIS9MIObI/yfQ9TplZb+j/eGIdafa72mOer1mUiJmYUSBgNfgDuxVsdbIEYq7+WMvSZYYnVpisUwdhElEpsEf+aW0lj root@ubuntu-xenial
-----END SSH HOST KEY KEYS-----
[   44.863723] cloud-init[1362]: Cloud-init v. 0.7.9 running 'modules:final' at Fri, 22 Dec 2017 16:08:06 +0000. Up 44.07 seconds.
[   44.969079] cloud-init[1362]: ci-info: no authorized ssh keys fingerprints found for user ubuntu.
[   44.977392] cloud-init[1362]: Cloud-init v. 0.7.9 finished at Fri, 22 Dec 2017 16:08:07 +0000. Datasource DataSourceNoCloud [seed=/dev/sdb][dsmode=net].  Up 44.85 seconds
[[0;32m  OK  [0m] Started Execute cloud user/final scripts.
[[0;32m  OK  [0m] Reached target Cloud-init target.

Ubuntu 16.04.3 LTS ubuntu-xenial ttyS0

ubuntu-xenial login: [  531.765027] systemd[1]: snap-repair.timer: Unit to trigger [  640.3360         Stopping Session 7 of user ubuntu.
[[0;32m  OK  [0[[0;32m  OK  [0m] Stopped target Cloud-init target.[[0;32m  OK  [0m] Stopped target Timers.
         Stopping User Manager for UID 1000...
         Stopping ACPI event daemon...
[[0;32m  OK  [0m] Closed Load/Save RF Kill Switch Status /dev/rfkill Watch.
[[0;32m  OK  [0m] Stopped target Cloud-init target.
[[0;32m  OK  [0m] Stopped Execute cloud user/final scripts.
[[0;32m  OK  [0m] Stopped Apply the settings specified in cloud-config.
[[0;32m  OK  [0m] Stopped target Cloud-config availability.
[[0;32m  OK  [0m] Stopped target Graphical Interface.
         Stopping Accounts Service...
[[0;32m  OK  [0m] Stopped target Multi-User System.
         Stopping Regular backgroun [[0;32m  OK  [0m] Stopped Daily apt download activities.
[[0;32m  OK  [0m] Stopped target System Time Synchronized.
         Stopping Session 16 of user ubuntu.
         Stopping System Logging Service...
         Stopping D-Bus System Message Bus...
[[0;32m  OK  [0m] Stopped Daily Cleanup of Temporary Directories.
         Stopping PostgreSQL Cluster 9.5-main...
[[0;32m  OK  [0m] Unmounted /var/lib/lxcfs.
[[0;32m  OK  [0m] Stopped Accounts Service.
[[0;32m  OK  [0m] Stopped System Logging Service.
[[0;32m  OK  [0m] Stopped Deferred execution scheduler.
[[0;32m  OK  [0m] Stopped ACPI event daemon.
[[0;32m  OK  [0m] Stopped Regular background program processing daemon.
[[0;32m  OK  [0m] Stopped Authenticate and Authorize Users to Run Privileged Tasks.
[[0;32m  OK  [0m] Stopped Getty on tty1.
[[0;32m  OK  [0m] Stopped Serial Getty on ttyS0.
[[0;32m  OK  [0m] Stopped OpenBSD Secure Shell server.
[[0;32m  OK  [0m] Stopped User Manager for UID 1000.
[[0;32m  OK  [0m] Stopped Unattended Upgrades Shutdown.
[[0;32m  OK  [0m] Stopped Session 16 of user ubuntu.
[[0;32m  OK  [0m] Stopped D-Bus System Message Bus.
[[0;32m  OK  [0m] Stopped FUSE filesystem for LXC.
[[0;32m  OK  [0m] Stopped Advanced key-value store.
[[0;32m  OK  [0m] Removed slice User Slice of ubuntu.
         Stopping Login Service...
[[0;32m  OK  [0m] Removed slice system-serial\x2dgetty.slice.
[[0;32m  OK  [0m] Removed slice system-getty.slice.
[[0;32m  OK  [0m] Stopped /etc/rc.local Compatibility.
         Stopping Permit User Sessions...
[[0;32m  OK  [0m] Stopped Login Service.
[[0;32m  OK  [0m] Stopped LSB: VirtualBox Linux Additions.
[[0;32m  OK  [0m] Stopped LSB: automatic crash report generation.
[[0;32m  OK  [0m] Stopped LSB: daemon to balance interrupts for SMP systems.
[[0;32m  OK  [0m] Stopped LSB: Record successful boot for GRUB.
[[0;32m  OK  [0m] Stopped LSB: Set the CPU Frequency Scaling governor to "ondemand".
[[0;32m  OK  [0m] Stopped LSB: MD monitoring daemon.
[[0;32m  OK  [0m] Stopped Permit User Sessions.
[[0;32m  OK  [0m] Stopped target Remote File Systems.
[[0;32m  OK  [0m] Stopped target Remote File Systems (Pre).
         Stopping Login to default iSCSI targets...
[[0;32m  OK  [0m] Stopped target User and Group Name Lookups.
[[0;32m  OK  [0m] Stopped Login to default iSCSI targets.
         Stopping iSCSI initiator daemon (iscsid)...
[[0;32m  OK  [0m] Stopped iSCSI initiator daemon (iscsid).
[[0;32m  OK  [0m] Stopped target Network is Online.
[[0;32m  OK  [0m] Stopped target Network.
[[0;32m  OK  [0m] Stopped PostgreSQL Cluster 9.5-main.
[[0;32m  OK  [0m] Stopped target Basic System.
[[0;32m  OK  [0m] Stopped target Slices.
[[0;32m  OK  [0m] Removed slice User and Session Slice.
[[0;32m  OK  [0m] Stopped target Paths.
[[0;32m  OK  [0m] Stopped Dispatch Password Requests to Console Directory Watch.
[[0;32m  OK  [0m] Stopped ACPI Events Check.
[[0;32m  OK  [0m] Stopped Forward Password Requests to Wall Directory Watch.
[[0;32m  OK  [0m] Stopped target Sockets.
[[0;32m  OK  [0m] Closed ACPID Listen Socket.
[[0;32m  OK  [0m] Closed UUID daemon activation socket.
[[0;32m  OK  [0m] Closed Syslog Socket.
[[0;32m  OK  [0m] Closed D-Bus System Message Bus Socket.
[[0;32m  OK  [0m] Stopped target System Initialization.
[[0;32m  OK  [0m] Stopped Initial cloud-init job (metadata service crawler).
         Stopping Raise network interfaces...
[[0;32m  OK  [0m] Stopped target Encrypted Volumes.
[[0;32m  OK  [0m] Stopped Commit a transient machine-id on disk.
[[0;32m  OK  [0m] Stopped Create Volatile Files and Directories.
[[0;32m  OK  [0m] Stopped target Swap.
         Stopping Load/Save Random Seed...
[[0;32m  OK  [0m] Removed slice system-postgresql.slice.
[[0;32m  OK  [0m] Stopped Load/Save Random Seed.
[[0;32m  OK  [0m] Stopped Raise network interfaces.
[[0;32m  OK  [0m] Stopped target Local File Systems.
         Unmounting /vagrant...
         Unmounting /run/user/1000...
[[0;32m  OK  [0m] Stopped target Network (Pre).
[[0;32m  OK  [0m] Stopped Initial cloud-init job (pre-networking).
[[0;32m  OK  [0m] Stopped Apply Kernel Variables.
[[0;32m  OK  [0m] Stopped Load Kernel Modules.
[[0;32m  OK  [0m] Unmounted /vagrant.
[[0;32m  OK  [0m] Unmounted /run/user/1000.
[[0;32m  OK  [0m] Reached target Unmount All Filesystems.
[[0;32m  OK  [0m] Stopped target Local File Systems (Pre).
         Stopping Monitoring of LVM2 mirrors... dmeventd or progress polling...
[[0;32m  OK  [0m] Stopped Remount Root and Kernel File Systems.
[[0;32m  OK  [0m] Stopped Create Static Device Nodes in /dev.
[[0;32m  OK  [0m] Reached target Shutdown.
[ 6631.016310] reboot: Power down
opped Raise network interfaces.
[[0;32m  OK  [0m] Stopped target Network (Pre).
[[0;32m  OK  [0m] Stopped Initial cloud-init job (pre-networking).
[[0;32m  OK  [0m] Stopped target Local File Systems.
         Unmounting /run/user/1000...
         Unmounting /vagrant...
[[0;32m  OK  [0m] Stopped Apply Kernel Variables.
[[0;32m  OK  [0m] Stopped Load Kernel Modules.
[[0;32m  OK  [0m] Unmounted /run/user/1000.
[[0;32m  OK  [0m] Unmounted /vagrant.
[[0;32m  OK  [0m] Reached target Unmount All Filesystems.
[[0;32m  OK  [0m] Stopped target Local File Systems (Pre).
         Stopping Monitoring of LVM2 mirrors... dmeventd or progress polling...
[[0;32m  OK  [0m] Stopped Create Static Device Nodes in /dev.
[[0;32m  OK  [0m] Stopped Remount Root and Kernel File Systems.
[[0;32m  OK  [0m] Reached target Shutdown.
[ 6516.228648] reboot: Power down
